{
  "0 debug pnpm:scope": {
    "selected": 1
  },
  "1 error pnpm": {
    "errno": 1,
    "code": "ELIFECYCLE",
    "pkgid": "todos-App@0.0.0",
    "stage": "dev",
    "script": "vite",
    "pkgname": "todos-App",
    "err": {
      "name": "Error",
      "message": "todos-App@0.0.0 dev: `vite`\nExit status 1",
      "code": "ELIFECYCLE",
      "stack": "Error: todos-App@0.0.0 dev: `vite`\nExit status 1\n    at EventEmitter.<anonymous> (C:\\Users\\THUNDEROBOT\\AppData\\Roaming\\npm\\pnpm-global\\5\\node_modules\\.pnpm\\registry.nlark.com+pnpm@6.14.2\\node_modules\\pnpm\\dist\\pnpm.cjs:104777:20)\n    at EventEmitter.emit (events.js:375:28)\n    at ChildProcess.<anonymous> (C:\\Users\\THUNDEROBOT\\AppData\\Roaming\\npm\\pnpm-global\\5\\node_modules\\.pnpm\\registry.nlark.com+pnpm@6.14.2\\node_modules\\pnpm\\dist\\pnpm.cjs:92553:18)\n    at ChildProcess.emit (events.js:375:28)\n    at maybeClose (internal/child_process.js:1055:16)\n    at Process.ChildProcess._handle.onexit (internal/child_process.js:288:5)"
    }
  },
  "2 warn pnpm:global": " Local package.json exists, but node_modules missing, did you mean to install?"
}